<?xml version="1.0" encoding="UTF-8"?>
<!-- Generated by org.testng.reporters.JUnitReportReporter -->
<testsuite skipped="0" hostname="ITKKM0R" name="base.TestNGParallelTesting" tests="3" failures="0" timestamp="12 May 2022 16:19:14 GMT" time="0.024" errors="0">
  <testcase name="test3" time="0.008" classname="base.TestNGParallelTesting"/>
  <testcase name="test1" time="0.016" classname="base.TestNGParallelTesting"/>
  <testcase name="test2" time="0.000" classname="base.TestNGParallelTesting"/>
</testsuite> <!-- base.TestNGParallelTesting -->
